<?xml version="1.0" encoding="UTF-8"?>
<testsuite xmlns:xsi="http://www.w3.org/2001/XMLSchema-instance" xsi:noNamespaceSchemaLocation="https://maven.apache.org/surefire/maven-surefire-plugin/xsd/surefire-test-report-3.0.xsd" version="3.0" name="TestSuite" time="3.941" tests="23" errors="0" skipped="0" failures="0">
  <properties>
    <property name="gopherProxySet" value="false"/>
    <property name="awt.toolkit" value="sun.lwawt.macosx.LWCToolkit"/>
    <property name="file.encoding.pkg" value="sun.io"/>
    <property name="java.specification.version" value="1.8"/>
    <property name="sun.cpu.isalist" value=""/>
    <property name="sun.jnu.encoding" value="UTF-8"/>
    <property name="java.class.path" value="/Users/chenshinan/work/java/handspace/choerodon/choerodon-testng-template/target/test-classes:/Users/chenshinan/work/java/handspace/choerodon/choerodon-testng-template/target/classes:/Users/chenshinan/work/maven/localRepository/org/springframework/boot/spring-boot-starter-web/2.0.2.RELEASE/spring-boot-starter-web-2.0.2.RELEASE.jar:/Users/chenshinan/work/maven/localRepository/org/springframework/boot/spring-boot-starter/2.0.2.RELEASE/spring-boot-starter-2.0.2.RELEASE.jar:/Users/chenshinan/work/maven/localRepository/org/springframework/boot/spring-boot/2.0.2.RELEASE/spring-boot-2.0.2.RELEASE.jar:/Users/chenshinan/work/maven/localRepository/org/springframework/boot/spring-boot-autoconfigure/2.0.2.RELEASE/spring-boot-autoconfigure-2.0.2.RELEASE.jar:/Users/chenshinan/work/maven/localRepository/org/springframework/boot/spring-boot-starter-logging/2.0.2.RELEASE/spring-boot-starter-logging-2.0.2.RELEASE.jar:/Users/chenshinan/work/maven/localRepository/ch/qos/logback/logback-classic/1.2.3/logback-classic-1.2.3.jar:/Users/chenshinan/work/maven/localRepository/ch/qos/logback/logback-core/1.2.3/logback-core-1.2.3.jar:/Users/chenshinan/work/maven/localRepository/org/apache/logging/log4j/log4j-to-slf4j/2.10.0/log4j-to-slf4j-2.10.0.jar:/Users/chenshinan/work/maven/localRepository/org/apache/logging/log4j/log4j-api/2.10.0/log4j-api-2.10.0.jar:/Users/chenshinan/work/maven/localRepository/org/slf4j/jul-to-slf4j/1.7.25/jul-to-slf4j-1.7.25.jar:/Users/chenshinan/work/maven/localRepository/javax/annotation/javax.annotation-api/1.3.2/javax.annotation-api-1.3.2.jar:/Users/chenshinan/work/maven/localRepository/org/springframework/boot/spring-boot-starter-json/2.0.2.RELEASE/spring-boot-starter-json-2.0.2.RELEASE.jar:/Users/chenshinan/work/maven/localRepository/com/fasterxml/jackson/core/jackson-databind/2.9.5/jackson-databind-2.9.5.jar:/Users/chenshinan/work/maven/localRepository/com/fasterxml/jackson/core/jackson-annotations/2.9.0/jackson-annotations-2.9.0.jar:/Users/chenshinan/work/maven/localRepository/com/fasterxml/jackson/core/jackson-core/2.9.5/jackson-core-2.9.5.jar:/Users/chenshinan/work/maven/localRepository/com/fasterxml/jackson/datatype/jackson-datatype-jdk8/2.9.5/jackson-datatype-jdk8-2.9.5.jar:/Users/chenshinan/work/maven/localRepository/com/fasterxml/jackson/datatype/jackson-datatype-jsr310/2.9.5/jackson-datatype-jsr310-2.9.5.jar:/Users/chenshinan/work/maven/localRepository/com/fasterxml/jackson/module/jackson-module-parameter-names/2.9.5/jackson-module-parameter-names-2.9.5.jar:/Users/chenshinan/work/maven/localRepository/org/springframework/boot/spring-boot-starter-tomcat/2.0.2.RELEASE/spring-boot-starter-tomcat-2.0.2.RELEASE.jar:/Users/chenshinan/work/maven/localRepository/org/apache/tomcat/embed/tomcat-embed-core/8.5.31/tomcat-embed-core-8.5.31.jar:/Users/chenshinan/work/maven/localRepository/org/apache/tomcat/embed/tomcat-embed-el/8.5.31/tomcat-embed-el-8.5.31.jar:/Users/chenshinan/work/maven/localRepository/org/apache/tomcat/embed/tomcat-embed-websocket/8.5.31/tomcat-embed-websocket-8.5.31.jar:/Users/chenshinan/work/maven/localRepository/org/hibernate/validator/hibernate-validator/6.0.9.Final/hibernate-validator-6.0.9.Final.jar:/Users/chenshinan/work/maven/localRepository/javax/validation/validation-api/2.0.1.Final/validation-api-2.0.1.Final.jar:/Users/chenshinan/work/maven/localRepository/org/jboss/logging/jboss-logging/3.3.2.Final/jboss-logging-3.3.2.Final.jar:/Users/chenshinan/work/maven/localRepository/com/fasterxml/classmate/1.3.4/classmate-1.3.4.jar:/Users/chenshinan/work/maven/localRepository/org/springframework/spring-web/5.0.6.RELEASE/spring-web-5.0.6.RELEASE.jar:/Users/chenshinan/work/maven/localRepository/org/springframework/spring-beans/5.0.6.RELEASE/spring-beans-5.0.6.RELEASE.jar:/Users/chenshinan/work/maven/localRepository/org/springframework/spring-webmvc/5.0.6.RELEASE/spring-webmvc-5.0.6.RELEASE.jar:/Users/chenshinan/work/maven/localRepository/org/springframework/spring-aop/5.0.6.RELEASE/spring-aop-5.0.6.RELEASE.jar:/Users/chenshinan/work/maven/localRepository/org/springframework/spring-context/5.0.6.RELEASE/spring-context-5.0.6.RELEASE.jar:/Users/chenshinan/work/maven/localRepository/org/springframework/spring-expression/5.0.6.RELEASE/spring-expression-5.0.6.RELEASE.jar:/Users/chenshinan/work/maven/localRepository/org/springframework/boot/spring-boot-starter-test/2.0.2.RELEASE/spring-boot-starter-test-2.0.2.RELEASE.jar:/Users/chenshinan/work/maven/localRepository/org/springframework/boot/spring-boot-test/2.0.2.RELEASE/spring-boot-test-2.0.2.RELEASE.jar:/Users/chenshinan/work/maven/localRepository/org/springframework/boot/spring-boot-test-autoconfigure/2.0.2.RELEASE/spring-boot-test-autoconfigure-2.0.2.RELEASE.jar:/Users/chenshinan/work/maven/localRepository/com/jayway/jsonpath/json-path/2.4.0/json-path-2.4.0.jar:/Users/chenshinan/work/maven/localRepository/net/minidev/json-smart/2.3/json-smart-2.3.jar:/Users/chenshinan/work/maven/localRepository/net/minidev/accessors-smart/1.2/accessors-smart-1.2.jar:/Users/chenshinan/work/maven/localRepository/org/ow2/asm/asm/5.0.4/asm-5.0.4.jar:/Users/chenshinan/work/maven/localRepository/org/slf4j/slf4j-api/1.7.25/slf4j-api-1.7.25.jar:/Users/chenshinan/work/maven/localRepository/junit/junit/4.12/junit-4.12.jar:/Users/chenshinan/work/maven/localRepository/org/assertj/assertj-core/3.9.1/assertj-core-3.9.1.jar:/Users/chenshinan/work/maven/localRepository/org/mockito/mockito-core/2.15.0/mockito-core-2.15.0.jar:/Users/chenshinan/work/maven/localRepository/net/bytebuddy/byte-buddy/1.7.11/byte-buddy-1.7.11.jar:/Users/chenshinan/work/maven/localRepository/net/bytebuddy/byte-buddy-agent/1.7.11/byte-buddy-agent-1.7.11.jar:/Users/chenshinan/work/maven/localRepository/org/objenesis/objenesis/2.6/objenesis-2.6.jar:/Users/chenshinan/work/maven/localRepository/org/hamcrest/hamcrest-core/1.3/hamcrest-core-1.3.jar:/Users/chenshinan/work/maven/localRepository/org/hamcrest/hamcrest-library/1.3/hamcrest-library-1.3.jar:/Users/chenshinan/work/maven/localRepository/org/skyscreamer/jsonassert/1.5.0/jsonassert-1.5.0.jar:/Users/chenshinan/work/maven/localRepository/com/vaadin/external/google/android-json/0.0.20131108.vaadin1/android-json-0.0.20131108.vaadin1.jar:/Users/chenshinan/work/maven/localRepository/org/springframework/spring-core/5.0.6.RELEASE/spring-core-5.0.6.RELEASE.jar:/Users/chenshinan/work/maven/localRepository/org/springframework/spring-jcl/5.0.6.RELEASE/spring-jcl-5.0.6.RELEASE.jar:/Users/chenshinan/work/maven/localRepository/org/springframework/spring-test/5.0.6.RELEASE/spring-test-5.0.6.RELEASE.jar:/Users/chenshinan/work/maven/localRepository/org/xmlunit/xmlunit-core/2.5.1/xmlunit-core-2.5.1.jar:/Users/chenshinan/work/maven/localRepository/org/testng/testng/6.11/testng-6.11.jar:/Users/chenshinan/work/maven/localRepository/org/yaml/snakeyaml/1.19/snakeyaml-1.19.jar:/Users/chenshinan/work/maven/localRepository/org/uncommons/reportng/1.1.4/reportng-1.1.4.jar:/Users/chenshinan/work/maven/localRepository/velocity/velocity/1.4/velocity-1.4.jar:/Users/chenshinan/work/maven/localRepository/velocity/velocity-dep/1.4/velocity-dep-1.4.jar:/Users/chenshinan/work/maven/localRepository/com/google/inject/guice/3.0/guice-3.0.jar:/Users/chenshinan/work/maven/localRepository/javax/inject/javax.inject/1/javax.inject-1.jar:/Users/chenshinan/work/maven/localRepository/aopalliance/aopalliance/1.0/aopalliance-1.0.jar:/Users/chenshinan/work/maven/localRepository/org/apache/httpcomponents/httpclient/4.5.5/httpclient-4.5.5.jar:/Users/chenshinan/work/maven/localRepository/org/apache/httpcomponents/httpcore/4.4.9/httpcore-4.4.9.jar:/Users/chenshinan/work/maven/localRepository/commons-codec/commons-codec/1.11/commons-codec-1.11.jar:/Users/chenshinan/work/maven/localRepository/com/beust/jcommander/1.48/jcommander-1.48.jar:"/>
    <property name="java.vm.vendor" value="Oracle Corporation"/>
    <property name="sun.arch.data.model" value="64"/>
    <property name="java.vendor.url" value="http://java.oracle.com/"/>
    <property name="user.timezone" value=""/>
    <property name="java.vm.specification.version" value="1.8"/>
    <property name="os.name" value="Mac OS X"/>
    <property name="user.country" value="CN"/>
    <property name="sun.java.launcher" value="SUN_STANDARD"/>
    <property name="sun.boot.library.path" value="/Library/Java/JavaVirtualMachines/jdk1.8.0_181.jdk/Contents/Home/jre/lib"/>
    <property name="sun.java.command" value="/Users/chenshinan/work/java/handspace/choerodon/choerodon-testng-template/target/surefire/surefirebooter8991389749380775626.jar /Users/chenshinan/work/java/handspace/choerodon/choerodon-testng-template/target/surefire 2019-01-17T11-08-06_682-jvmRun1 surefire4494832803855985741tmp surefire_04619671699036081849tmp"/>
    <property name="surefire.test.class.path" value="/Users/chenshinan/work/java/handspace/choerodon/choerodon-testng-template/target/test-classes:/Users/chenshinan/work/java/handspace/choerodon/choerodon-testng-template/target/classes:/Users/chenshinan/work/maven/localRepository/org/springframework/boot/spring-boot-starter-web/2.0.2.RELEASE/spring-boot-starter-web-2.0.2.RELEASE.jar:/Users/chenshinan/work/maven/localRepository/org/springframework/boot/spring-boot-starter/2.0.2.RELEASE/spring-boot-starter-2.0.2.RELEASE.jar:/Users/chenshinan/work/maven/localRepository/org/springframework/boot/spring-boot/2.0.2.RELEASE/spring-boot-2.0.2.RELEASE.jar:/Users/chenshinan/work/maven/localRepository/org/springframework/boot/spring-boot-autoconfigure/2.0.2.RELEASE/spring-boot-autoconfigure-2.0.2.RELEASE.jar:/Users/chenshinan/work/maven/localRepository/org/springframework/boot/spring-boot-starter-logging/2.0.2.RELEASE/spring-boot-starter-logging-2.0.2.RELEASE.jar:/Users/chenshinan/work/maven/localRepository/ch/qos/logback/logback-classic/1.2.3/logback-classic-1.2.3.jar:/Users/chenshinan/work/maven/localRepository/ch/qos/logback/logback-core/1.2.3/logback-core-1.2.3.jar:/Users/chenshinan/work/maven/localRepository/org/apache/logging/log4j/log4j-to-slf4j/2.10.0/log4j-to-slf4j-2.10.0.jar:/Users/chenshinan/work/maven/localRepository/org/apache/logging/log4j/log4j-api/2.10.0/log4j-api-2.10.0.jar:/Users/chenshinan/work/maven/localRepository/org/slf4j/jul-to-slf4j/1.7.25/jul-to-slf4j-1.7.25.jar:/Users/chenshinan/work/maven/localRepository/javax/annotation/javax.annotation-api/1.3.2/javax.annotation-api-1.3.2.jar:/Users/chenshinan/work/maven/localRepository/org/springframework/boot/spring-boot-starter-json/2.0.2.RELEASE/spring-boot-starter-json-2.0.2.RELEASE.jar:/Users/chenshinan/work/maven/localRepository/com/fasterxml/jackson/core/jackson-databind/2.9.5/jackson-databind-2.9.5.jar:/Users/chenshinan/work/maven/localRepository/com/fasterxml/jackson/core/jackson-annotations/2.9.0/jackson-annotations-2.9.0.jar:/Users/chenshinan/work/maven/localRepository/com/fasterxml/jackson/core/jackson-core/2.9.5/jackson-core-2.9.5.jar:/Users/chenshinan/work/maven/localRepository/com/fasterxml/jackson/datatype/jackson-datatype-jdk8/2.9.5/jackson-datatype-jdk8-2.9.5.jar:/Users/chenshinan/work/maven/localRepository/com/fasterxml/jackson/datatype/jackson-datatype-jsr310/2.9.5/jackson-datatype-jsr310-2.9.5.jar:/Users/chenshinan/work/maven/localRepository/com/fasterxml/jackson/module/jackson-module-parameter-names/2.9.5/jackson-module-parameter-names-2.9.5.jar:/Users/chenshinan/work/maven/localRepository/org/springframework/boot/spring-boot-starter-tomcat/2.0.2.RELEASE/spring-boot-starter-tomcat-2.0.2.RELEASE.jar:/Users/chenshinan/work/maven/localRepository/org/apache/tomcat/embed/tomcat-embed-core/8.5.31/tomcat-embed-core-8.5.31.jar:/Users/chenshinan/work/maven/localRepository/org/apache/tomcat/embed/tomcat-embed-el/8.5.31/tomcat-embed-el-8.5.31.jar:/Users/chenshinan/work/maven/localRepository/org/apache/tomcat/embed/tomcat-embed-websocket/8.5.31/tomcat-embed-websocket-8.5.31.jar:/Users/chenshinan/work/maven/localRepository/org/hibernate/validator/hibernate-validator/6.0.9.Final/hibernate-validator-6.0.9.Final.jar:/Users/chenshinan/work/maven/localRepository/javax/validation/validation-api/2.0.1.Final/validation-api-2.0.1.Final.jar:/Users/chenshinan/work/maven/localRepository/org/jboss/logging/jboss-logging/3.3.2.Final/jboss-logging-3.3.2.Final.jar:/Users/chenshinan/work/maven/localRepository/com/fasterxml/classmate/1.3.4/classmate-1.3.4.jar:/Users/chenshinan/work/maven/localRepository/org/springframework/spring-web/5.0.6.RELEASE/spring-web-5.0.6.RELEASE.jar:/Users/chenshinan/work/maven/localRepository/org/springframework/spring-beans/5.0.6.RELEASE/spring-beans-5.0.6.RELEASE.jar:/Users/chenshinan/work/maven/localRepository/org/springframework/spring-webmvc/5.0.6.RELEASE/spring-webmvc-5.0.6.RELEASE.jar:/Users/chenshinan/work/maven/localRepository/org/springframework/spring-aop/5.0.6.RELEASE/spring-aop-5.0.6.RELEASE.jar:/Users/chenshinan/work/maven/localRepository/org/springframework/spring-context/5.0.6.RELEASE/spring-context-5.0.6.RELEASE.jar:/Users/chenshinan/work/maven/localRepository/org/springframework/spring-expression/5.0.6.RELEASE/spring-expression-5.0.6.RELEASE.jar:/Users/chenshinan/work/maven/localRepository/org/springframework/boot/spring-boot-starter-test/2.0.2.RELEASE/spring-boot-starter-test-2.0.2.RELEASE.jar:/Users/chenshinan/work/maven/localRepository/org/springframework/boot/spring-boot-test/2.0.2.RELEASE/spring-boot-test-2.0.2.RELEASE.jar:/Users/chenshinan/work/maven/localRepository/org/springframework/boot/spring-boot-test-autoconfigure/2.0.2.RELEASE/spring-boot-test-autoconfigure-2.0.2.RELEASE.jar:/Users/chenshinan/work/maven/localRepository/com/jayway/jsonpath/json-path/2.4.0/json-path-2.4.0.jar:/Users/chenshinan/work/maven/localRepository/net/minidev/json-smart/2.3/json-smart-2.3.jar:/Users/chenshinan/work/maven/localRepository/net/minidev/accessors-smart/1.2/accessors-smart-1.2.jar:/Users/chenshinan/work/maven/localRepository/org/ow2/asm/asm/5.0.4/asm-5.0.4.jar:/Users/chenshinan/work/maven/localRepository/org/slf4j/slf4j-api/1.7.25/slf4j-api-1.7.25.jar:/Users/chenshinan/work/maven/localRepository/junit/junit/4.12/junit-4.12.jar:/Users/chenshinan/work/maven/localRepository/org/assertj/assertj-core/3.9.1/assertj-core-3.9.1.jar:/Users/chenshinan/work/maven/localRepository/org/mockito/mockito-core/2.15.0/mockito-core-2.15.0.jar:/Users/chenshinan/work/maven/localRepository/net/bytebuddy/byte-buddy/1.7.11/byte-buddy-1.7.11.jar:/Users/chenshinan/work/maven/localRepository/net/bytebuddy/byte-buddy-agent/1.7.11/byte-buddy-agent-1.7.11.jar:/Users/chenshinan/work/maven/localRepository/org/objenesis/objenesis/2.6/objenesis-2.6.jar:/Users/chenshinan/work/maven/localRepository/org/hamcrest/hamcrest-core/1.3/hamcrest-core-1.3.jar:/Users/chenshinan/work/maven/localRepository/org/hamcrest/hamcrest-library/1.3/hamcrest-library-1.3.jar:/Users/chenshinan/work/maven/localRepository/org/skyscreamer/jsonassert/1.5.0/jsonassert-1.5.0.jar:/Users/chenshinan/work/maven/localRepository/com/vaadin/external/google/android-json/0.0.20131108.vaadin1/android-json-0.0.20131108.vaadin1.jar:/Users/chenshinan/work/maven/localRepository/org/springframework/spring-core/5.0.6.RELEASE/spring-core-5.0.6.RELEASE.jar:/Users/chenshinan/work/maven/localRepository/org/springframework/spring-jcl/5.0.6.RELEASE/spring-jcl-5.0.6.RELEASE.jar:/Users/chenshinan/work/maven/localRepository/org/springframework/spring-test/5.0.6.RELEASE/spring-test-5.0.6.RELEASE.jar:/Users/chenshinan/work/maven/localRepository/org/xmlunit/xmlunit-core/2.5.1/xmlunit-core-2.5.1.jar:/Users/chenshinan/work/maven/localRepository/org/testng/testng/6.11/testng-6.11.jar:/Users/chenshinan/work/maven/localRepository/org/yaml/snakeyaml/1.19/snakeyaml-1.19.jar:/Users/chenshinan/work/maven/localRepository/org/uncommons/reportng/1.1.4/reportng-1.1.4.jar:/Users/chenshinan/work/maven/localRepository/velocity/velocity/1.4/velocity-1.4.jar:/Users/chenshinan/work/maven/localRepository/velocity/velocity-dep/1.4/velocity-dep-1.4.jar:/Users/chenshinan/work/maven/localRepository/com/google/inject/guice/3.0/guice-3.0.jar:/Users/chenshinan/work/maven/localRepository/javax/inject/javax.inject/1/javax.inject-1.jar:/Users/chenshinan/work/maven/localRepository/aopalliance/aopalliance/1.0/aopalliance-1.0.jar:/Users/chenshinan/work/maven/localRepository/org/apache/httpcomponents/httpclient/4.5.5/httpclient-4.5.5.jar:/Users/chenshinan/work/maven/localRepository/org/apache/httpcomponents/httpcore/4.4.9/httpcore-4.4.9.jar:/Users/chenshinan/work/maven/localRepository/commons-codec/commons-codec/1.11/commons-codec-1.11.jar:/Users/chenshinan/work/maven/localRepository/com/beust/jcommander/1.48/jcommander-1.48.jar:"/>
    <property name="sun.cpu.endian" value="little"/>
    <property name="user.home" value="/Users/chenshinan"/>
    <property name="user.language" value="zh"/>
    <property name="java.specification.vendor" value="Oracle Corporation"/>
    <property name="java.home" value="/Library/Java/JavaVirtualMachines/jdk1.8.0_181.jdk/Contents/Home/jre"/>
    <property name="basedir" value="/Users/chenshinan/work/java/handspace/choerodon/choerodon-testng-template"/>
    <property name="file.separator" value="/"/>
    <property name="line.separator" value="&#10;"/>
    <property name="java.vm.specification.vendor" value="Oracle Corporation"/>
    <property name="java.specification.name" value="Java Platform API Specification"/>
    <property name="java.awt.graphicsenv" value="sun.awt.CGraphicsEnvironment"/>
    <property name="surefire.real.class.path" value="/Users/chenshinan/work/java/handspace/choerodon/choerodon-testng-template/target/surefire/surefirebooter8991389749380775626.jar"/>
    <property name="sun.boot.class.path" value="/Library/Java/JavaVirtualMachines/jdk1.8.0_181.jdk/Contents/Home/jre/lib/resources.jar:/Library/Java/JavaVirtualMachines/jdk1.8.0_181.jdk/Contents/Home/jre/lib/rt.jar:/Library/Java/JavaVirtualMachines/jdk1.8.0_181.jdk/Contents/Home/jre/lib/sunrsasign.jar:/Library/Java/JavaVirtualMachines/jdk1.8.0_181.jdk/Contents/Home/jre/lib/jsse.jar:/Library/Java/JavaVirtualMachines/jdk1.8.0_181.jdk/Contents/Home/jre/lib/jce.jar:/Library/Java/JavaVirtualMachines/jdk1.8.0_181.jdk/Contents/Home/jre/lib/charsets.jar:/Library/Java/JavaVirtualMachines/jdk1.8.0_181.jdk/Contents/Home/jre/lib/jfr.jar:/Library/Java/JavaVirtualMachines/jdk1.8.0_181.jdk/Contents/Home/jre/classes"/>
    <property name="sun.management.compiler" value="HotSpot 64-Bit Tiered Compilers"/>
    <property name="java.runtime.version" value="1.8.0_181-b13"/>
    <property name="user.name" value="chenshinan"/>
    <property name="path.separator" value=":"/>
    <property name="os.version" value="10.13.6"/>
    <property name="java.endorsed.dirs" value="/Library/Java/JavaVirtualMachines/jdk1.8.0_181.jdk/Contents/Home/jre/lib/endorsed"/>
    <property name="java.runtime.name" value="Java(TM) SE Runtime Environment"/>
    <property name="file.encoding" value="UTF-8"/>
    <property name="java.vm.name" value="Java HotSpot(TM) 64-Bit Server VM"/>
    <property name="localRepository" value="/Users/chenshinan/work/maven/localRepository"/>
    <property name="java.vendor.url.bug" value="http://bugreport.sun.com/bugreport/"/>
    <property name="java.io.tmpdir" value="/var/folders/l9/mdml_vkj1lggb0znx10hgyvm0000gn/T/"/>
    <property name="java.version" value="1.8.0_181"/>
    <property name="user.dir" value="/Users/chenshinan/work/java/handspace/choerodon/choerodon-testng-template"/>
    <property name="os.arch" value="x86_64"/>
    <property name="java.vm.specification.name" value="Java Virtual Machine Specification"/>
    <property name="java.awt.printerjob" value="sun.lwawt.macosx.CPrinterJob"/>
    <property name="sun.os.patch.level" value="unknown"/>
    <property name="java.library.path" value="/Users/chenshinan/Library/Java/Extensions:/Library/Java/Extensions:/Network/Library/Java/Extensions:/System/Library/Java/Extensions:/usr/lib/java:."/>
    <property name="java.vm.info" value="mixed mode"/>
    <property name="java.vendor" value="Oracle Corporation"/>
    <property name="java.vm.version" value="25.181-b13"/>
    <property name="java.ext.dirs" value="/Users/chenshinan/Library/Java/Extensions:/Library/Java/JavaVirtualMachines/jdk1.8.0_181.jdk/Contents/Home/jre/lib/ext:/Library/Java/Extensions:/Network/Library/Java/Extensions:/System/Library/Java/Extensions:/usr/lib/java"/>
    <property name="sun.io.unicode.encoding" value="UnicodeBig"/>
    <property name="java.class.version" value="52.0"/>
  </properties>
  <testcase name="isEmpty" classname="io.choerodon.testng.testUnit.UnitTest" time="0"/>
  <testcase name="trim" classname="io.choerodon.testng.testUnit.UnitTest" time="0"/>
  <testcase name="userSelf" classname="io.choerodon.testng.testApi.ApiTest" time="0.28"/>
  <testcase name="groupTest1" classname="io.choerodon.testng.testUnit.GroupTest" time="0"/>
  <testcase name="groupTest3" classname="io.choerodon.testng.testUnit.GroupTest" time="0"/>
  <testcase name="dataProviderTest" classname="io.choerodon.testng.testUnit.AnnotationTest" time="0"/>
  <testcase name="dataProviderTest" classname="io.choerodon.testng.testUnit.AnnotationTest" time="0"/>
  <testcase name="dataProviderTest" classname="io.choerodon.testng.testUnit.AnnotationTest" time="0"/>
  <testcase name="dataProviderTest" classname="io.choerodon.testng.testUnit.AnnotationTest" time="0"/>
  <testcase name="dependsOnMethodsTest" classname="io.choerodon.testng.testUnit.AnnotationTest" time="0"/>
  <testcase name="testServer" classname="io.choerodon.testng.testUnit.FactoryTestIntance" time="0.001"/>
  <testcase name="testServer" classname="io.choerodon.testng.testUnit.FactoryTestIntance" time="0"/>
  <testcase name="testServer" classname="io.choerodon.testng.testUnit.FactoryTestIntance" time="0"/>
  <testcase name="testServer" classname="io.choerodon.testng.testUnit.FactoryTestIntance" time="0"/>
  <testcase name="testServer" classname="io.choerodon.testng.testUnit.FactoryTestIntance" time="0"/>
  <testcase name="testServer" classname="io.choerodon.testng.testUnit.FactoryTestIntance" time="0"/>
  <testcase name="testServer" classname="io.choerodon.testng.testUnit.FactoryTestIntance" time="0"/>
  <testcase name="testServer" classname="io.choerodon.testng.testUnit.FactoryTestIntance" time="0"/>
  <testcase name="testServer" classname="io.choerodon.testng.testUnit.FactoryTestIntance" time="0"/>
  <testcase name="testServer" classname="io.choerodon.testng.testUnit.FactoryTestIntance" time="0"/>
  <testcase name="parallelTest2" classname="io.choerodon.testng.testUnit.ParallelTest" time="0"/>
  <testcase name="parallelTest3" classname="io.choerodon.testng.testUnit.ParallelTest" time="0"/>
  <testcase name="parallelTest1" classname="io.choerodon.testng.testUnit.ParallelTest" time="0"/>
</testsuite>