<?xml version="1.0" encoding="UTF-8"?>
<!-- Generated by org.testng.reporters.JUnitReportReporter -->
<testsuite skipped="0" hostname="chenshinandeMacBook-Pro.local" name="io.choerodon.testng.testUnit.UnitTest" tests="2" failures="0" timestamp="17 一月 2019 08:32:36 GMT" time="0.005" errors="0">
  <testcase name="trim" time="0.000" classname="io.choerodon.testng.testUnit.UnitTest"/>
  <testcase name="isEmpty" time="0.005" classname="io.choerodon.testng.testUnit.UnitTest"/>
</testsuite> <!-- io.choerodon.testng.testUnit.UnitTest -->
