<?xml version="1.0" encoding="UTF-8"?>
<!-- Generated by org.testng.reporters.JUnitReportReporter -->
<testsuite skipped="0" hostname="chenshinandeMacBook-Pro.local" name="io.choerodon.testng.testUnit.AnnotationTest" tests="5" failures="0" timestamp="17 一月 2019 08:32:36 GMT" time="0.000" errors="0">
  <testcase name="dataProviderTest" time="0.000" classname="io.choerodon.testng.testUnit.AnnotationTest"/>
  <testcase name="dependsOnMethodsTest" time="0.000" classname="io.choerodon.testng.testUnit.AnnotationTest"/>
  <testcase name="dataProviderTest" time="0.000" classname="io.choerodon.testng.testUnit.AnnotationTest"/>
  <testcase name="dataProviderTest" time="0.000" classname="io.choerodon.testng.testUnit.AnnotationTest"/>
  <testcase name="dataProviderTest" time="0.000" classname="io.choerodon.testng.testUnit.AnnotationTest"/>
</testsuite> <!-- io.choerodon.testng.testUnit.AnnotationTest -->
