<?xml version="1.0" encoding="UTF-8"?>
<!-- Generated by org.testng.reporters.JUnitReportReporter -->
<testsuite skipped="0" hostname="chenshinandeMacBook-Pro.local" name="io.choerodon.testng.testUnit.GroupTest" tests="2" failures="0" timestamp="17 一月 2019 03:08:11 GMT" time="0.000" errors="0">
  <testcase name="groupTest3" time="0.000" classname="io.choerodon.testng.testUnit.GroupTest"/>
  <testcase name="groupTest1" time="0.000" classname="io.choerodon.testng.testUnit.GroupTest"/>
</testsuite> <!-- io.choerodon.testng.testUnit.GroupTest -->
