<?xml version="1.0" encoding="UTF-8"?>
<!-- Generated by org.testng.reporters.JUnitReportReporter -->
<testsuite skipped="0" hostname="chenshinandeMacBook-Pro.local" name="io.choerodon.testng.testApi.ApiTest" tests="1" failures="0" timestamp="17 一月 2019 03:08:11 GMT" time="0.281" errors="0">
  <testcase name="userSelf" time="0.281" classname="io.choerodon.testng.testApi.ApiTest"/>
</testsuite> <!-- io.choerodon.testng.testApi.ApiTest -->
