<?xml version="1.0" encoding="UTF-8"?>
<!-- Generated by org.testng.reporters.JUnitReportReporter -->
<testsuite skipped="0" hostname="chenshinandeMacBook-Pro.local" name="io.choerodon.testng.test.ApiTest" tests="2" failures="0" timestamp="19 一月 2019 04:34:59 GMT" time="0.931" errors="0">
  <testcase name="queryWiki" time="0.763" classname="io.choerodon.testng.test.ApiTest"/>
  <testcase name="queryWiki" time="0.168" classname="io.choerodon.testng.test.ApiTest"/>
</testsuite> <!-- io.choerodon.testng.test.ApiTest -->
