<?xml version="1.0" encoding="UTF-8"?>
<!-- Generated by org.testng.reporters.JUnitReportReporter -->
<testsuite skipped="0" hostname="chenshinandeMacBook-Pro.local" name="io.choerodon.testng.test.ApiTest" tests="2" failures="0" timestamp="21 一月 2019 01:44:38 GMT" time="1.338" errors="0">
  <testcase name="queryWiki" time="0.556" classname="io.choerodon.testng.test.ApiTest"/>
  <testcase name="queryWiki" time="0.782" classname="io.choerodon.testng.test.ApiTest"/>
</testsuite> <!-- io.choerodon.testng.test.ApiTest -->
