<?xml version="1.0" encoding="UTF-8"?>
<!-- Generated by org.testng.reporters.JUnitReportReporter -->
<testsuite skipped="0" hostname="chenshinandeMacBook-Pro.local" name="io.choerodon.testng.testUnit.ParallelTest" tests="3" failures="0" timestamp="17 一月 2019 03:22:30 GMT" time="0.001" errors="0">
  <testcase name="parallelTest2" time="0.000" classname="io.choerodon.testng.testUnit.ParallelTest"/>
  <testcase name="parallelTest1" time="0.001" classname="io.choerodon.testng.testUnit.ParallelTest"/>
  <testcase name="parallelTest3" time="0.000" classname="io.choerodon.testng.testUnit.ParallelTest"/>
</testsuite> <!-- io.choerodon.testng.testUnit.ParallelTest -->
