<?xml version="1.0" encoding="UTF-8"?>
<!-- Generated by org.testng.reporters.JUnitReportReporter -->
<testsuite skipped="0" hostname="chenshinandeMacBook-Pro.local" name="io.choerodon.testng.test.ApiTest" tests="4" failures="0" timestamp="18 一月 2019 09:37:27 GMT" time="2.134" errors="0">
  <testcase name="queryOther" time="0.413" classname="io.choerodon.testng.test.ApiTest"/>
  <testcase name="queryWiki" time="0.775" classname="io.choerodon.testng.test.ApiTest"/>
  <testcase name="queryOther" time="0.455" classname="io.choerodon.testng.test.ApiTest"/>
  <testcase name="queryWiki" time="0.491" classname="io.choerodon.testng.test.ApiTest"/>
</testsuite> <!-- io.choerodon.testng.test.ApiTest -->
